app/build/intermediates/manifest_merge_blame_file/debug/manifest-merger-blame-debug-report.txt
1<?xml version="1.0" encoding="utf-8"?>
2<manifest xmlns:android="http://schemas.android.com/apk/res/android"
3    package="com.smartexpense.tracker"
4    android:versionCode="1"
5    android:versionName="1.0" >
6
7    <uses-sdk
8        android:minSdkVersion="29"
9        android:targetSdkVersion="34" />
10
11    <!-- SMS Permissions -->
12    <uses-permission android:name="android.permission.RECEIVE_SMS" />
12-->src\main\AndroidManifest.xml:6:5-70
12-->src\main\AndroidManifest.xml:6:22-67
13    <uses-permission android:name="android.permission.READ_SMS" />
13-->src\main\AndroidManifest.xml:7:5-67
13-->src\main\AndroidManifest.xml:7:22-64
14
15    <!-- Overlay Permission (Floating Window) -->
16    <uses-permission android:name="android.permission.SYSTEM_ALERT_WINDOW" />
16-->src\main\AndroidManifest.xml:10:5-78
16-->src\main\AndroidManifest.xml:10:22-75
17
18    <!-- Location Permissions -->
19    <uses-permission android:name="android.permission.ACCESS_COARSE_LOCATION" />
19-->src\main\AndroidManifest.xml:13:5-81
19-->src\main\AndroidManifest.xml:13:22-78
20    <uses-permission android:name="android.permission.ACCESS_FINE_LOCATION" />
20-->src\main\AndroidManifest.xml:14:5-79
20-->src\main\AndroidManifest.xml:14:22-76
21
22    <!-- Biometrics -->
23    <uses-permission android:name="android.permission.USE_BIOMETRIC" />
23-->src\main\AndroidManifest.xml:17:5-72
23-->src\main\AndroidManifest.xml:17:22-69
24
25    <!-- Notifications (for Android 13+) -->
26    <uses-permission android:name="android.permission.POST_NOTIFICATIONS" />
26-->src\main\AndroidManifest.xml:20:5-77
26-->src\main\AndroidManifest.xml:20:22-74
27    <uses-permission android:name="android.permission.WAKE_LOCK" />
27-->[androidx.work:work-runtime:2.9.0] AndroidManifest.xml:23:5-68
27-->[androidx.work:work-runtime:2.9.0] AndroidManifest.xml:23:22-65
28    <uses-permission android:name="android.permission.ACCESS_NETWORK_STATE" />
28-->[androidx.work:work-runtime:2.9.0] AndroidManifest.xml:24:5-79
28-->[androidx.work:work-runtime:2.9.0] AndroidManifest.xml:24:22-76
29    <uses-permission android:name="android.permission.RECEIVE_BOOT_COMPLETED" />
29-->[androidx.work:work-runtime:2.9.0] AndroidManifest.xml:25:5-81
29-->[androidx.work:work-runtime:2.9.0] AndroidManifest.xml:25:22-78
30    <uses-permission android:name="android.permission.FOREGROUND_SERVICE" />
30-->[androidx.work:work-runtime:2.9.0] AndroidManifest.xml:26:5-77
30-->[androidx.work:work-runtime:2.9.0] AndroidManifest.xml:26:22-74
31
32    <permission
32-->[androidx.core:core:1.12.0] AndroidManifest.xml:22:5-24:47
33        android:name="com.smartexpense.tracker.DYNAMIC_RECEIVER_NOT_EXPORTED_PERMISSION"
33-->[androidx.core:core:1.12.0] AndroidManifest.xml:23:9-81
34        android:protectionLevel="signature" />
34-->[androidx.core:core:1.12.0] AndroidManifest.xml:24:9-44
35
36    <uses-permission android:name="com.smartexpense.tracker.DYNAMIC_RECEIVER_NOT_EXPORTED_PERMISSION" />
36-->[androidx.core:core:1.12.0] AndroidManifest.xml:26:5-97
36-->[androidx.core:core:1.12.0] AndroidManifest.xml:26:22-94
37
38    <application
38-->src\main\AndroidManifest.xml:22:5-91:19
39        android:name="com.smartexpense.tracker.TrackerApplication"
39-->src\main\AndroidManifest.xml:23:9-43
40        android:allowBackup="true"
40-->src\main\AndroidManifest.xml:24:9-35
41        android:appComponentFactory="androidx.core.app.CoreComponentFactory"
41-->[androidx.core:core:1.12.0] AndroidManifest.xml:28:18-86
42        android:dataExtractionRules="@xml/data_extraction_rules"
42-->src\main\AndroidManifest.xml:25:9-65
43        android:debuggable="true"
44        android:extractNativeLibs="false"
45        android:fullBackupContent="@xml/backup_rules"
45-->src\main\AndroidManifest.xml:26:9-54
46        android:icon="@mipmap/ic_launcher"
46-->src\main\AndroidManifest.xml:27:9-43
47        android:label="@string/app_name"
47-->src\main\AndroidManifest.xml:28:9-41
48        android:roundIcon="@mipmap/ic_launcher_round"
48-->src\main\AndroidManifest.xml:29:9-54
49        android:supportsRtl="true"
49-->src\main\AndroidManifest.xml:30:9-35
50        android:theme="@style/Theme.SmartExpenseTracker" >
50-->src\main\AndroidManifest.xml:31:9-57
51        <activity
51-->src\main\AndroidManifest.xml:34:9-48:20
52            android:name="com.smartexpense.tracker.MainActivity"
52-->src\main\AndroidManifest.xml:35:13-41
53            android:exported="true"
53-->src\main\AndroidManifest.xml:36:13-36
54            android:theme="@style/Theme.SmartExpenseTracker" >
54-->src\main\AndroidManifest.xml:37:13-61
55            <intent-filter>
55-->src\main\AndroidManifest.xml:38:13-41:29
56                <action android:name="android.intent.action.MAIN" />
56-->src\main\AndroidManifest.xml:39:17-69
56-->src\main\AndroidManifest.xml:39:25-66
57
58                <category android:name="android.intent.category.LAUNCHER" />
58-->src\main\AndroidManifest.xml:40:17-77
58-->src\main\AndroidManifest.xml:40:27-74
59            </intent-filter>
60            <!-- Accept shared SMS/text from other apps -->
61            <intent-filter>
61-->src\main\AndroidManifest.xml:43:13-47:29
62                <action android:name="android.intent.action.SEND" />
62-->src\main\AndroidManifest.xml:44:17-69
62-->src\main\AndroidManifest.xml:44:25-66
63
64                <category android:name="android.intent.category.DEFAULT" />
64-->src\main\AndroidManifest.xml:45:17-76
64-->src\main\AndroidManifest.xml:45:27-73
65
66                <data android:mimeType="text/plain" />
66-->src\main\AndroidManifest.xml:46:17-55
66-->src\main\AndroidManifest.xml:46:23-52
67            </intent-filter>
68        </activity>
69
70        <!-- SMS Receiver -->
71        <receiver
71-->src\main\AndroidManifest.xml:53:9-60:20
72            android:name="com.smartexpense.tracker.services.SmsReceiver"
72-->src\main\AndroidManifest.xml:54:13-49
73            android:exported="true"
73-->src\main\AndroidManifest.xml:55:13-36
74            android:permission="android.permission.BROADCAST_SMS" >
74-->src\main\AndroidManifest.xml:56:13-66
75            <intent-filter android:priority="999" >
75-->src\main\AndroidManifest.xml:57:13-59:29
75-->src\main\AndroidManifest.xml:57:28-50
76                <action android:name="android.provider.Telephony.SMS_RECEIVED" />
76-->src\main\AndroidManifest.xml:58:17-82
76-->src\main\AndroidManifest.xml:58:25-79
77            </intent-filter>
78        </receiver>
79
80        <!-- Email Notification Listener Service -->
81        <service
81-->src\main\AndroidManifest.xml:63:9-71:19
82            android:name="com.smartexpense.tracker.services.EmailNotificationListenerService"
82-->src\main\AndroidManifest.xml:64:13-70
83            android:exported="true"
83-->src\main\AndroidManifest.xml:67:13-36
84            android:label="@string/app_name"
84-->src\main\AndroidManifest.xml:65:13-45
85            android:permission="android.permission.BIND_NOTIFICATION_LISTENER_SERVICE" >
85-->src\main\AndroidManifest.xml:66:13-87
86            <intent-filter>
86-->src\main\AndroidManifest.xml:68:13-70:29
87                <action android:name="android.service.notification.NotificationListenerService" />
87-->src\main\AndroidManifest.xml:69:17-99
87-->src\main\AndroidManifest.xml:69:25-96
88            </intent-filter>
89        </service>
90
91        <!-- Floating Overlay Service -->
92        <service
92-->src\main\AndroidManifest.xml:74:9-78:58
93            android:name="com.smartexpense.tracker.services.OverlayService"
93-->src\main\AndroidManifest.xml:75:13-52
94            android:enabled="true"
94-->src\main\AndroidManifest.xml:76:13-35
95            android:exported="false"
95-->src\main\AndroidManifest.xml:77:13-37
96            android:foregroundServiceType="specialUse" />
96-->src\main\AndroidManifest.xml:78:13-55
97
98        <!-- File Provider -->
99        <provider
100            android:name="androidx.core.content.FileProvider"
100-->src\main\AndroidManifest.xml:82:13-62
101            android:authorities="com.smartexpense.tracker.provider"
101-->src\main\AndroidManifest.xml:83:13-60
102            android:exported="false"
102-->src\main\AndroidManifest.xml:84:13-37
103            android:grantUriPermissions="true" >
103-->src\main\AndroidManifest.xml:85:13-47
104            <meta-data
104-->src\main\AndroidManifest.xml:86:13-88:54
105                android:name="android.support.FILE_PROVIDER_PATHS"
105-->src\main\AndroidManifest.xml:87:17-67
106                android:resource="@xml/file_paths" />
106-->src\main\AndroidManifest.xml:88:17-51
107        </provider>
108        <provider
108-->[androidx.work:work-runtime:2.9.0] AndroidManifest.xml:29:9-37:20
109            android:name="androidx.startup.InitializationProvider"
109-->[androidx.work:work-runtime:2.9.0] AndroidManifest.xml:30:13-67
110            android:authorities="com.smartexpense.tracker.androidx-startup"
110-->[androidx.work:work-runtime:2.9.0] AndroidManifest.xml:31:13-68
111            android:exported="false" >
111-->[androidx.work:work-runtime:2.9.0] AndroidManifest.xml:32:13-37
112            <meta-data
112-->[androidx.work:work-runtime:2.9.0] AndroidManifest.xml:34:13-36:52
113                android:name="androidx.work.WorkManagerInitializer"
113-->[androidx.work:work-runtime:2.9.0] AndroidManifest.xml:35:17-68
114                android:value="androidx.startup" />
114-->[androidx.work:work-runtime:2.9.0] AndroidManifest.xml:36:17-49
115            <meta-data
115-->[androidx.emoji2:emoji2:1.3.0] AndroidManifest.xml:29:13-31:52
116                android:name="androidx.emoji2.text.EmojiCompatInitializer"
116-->[androidx.emoji2:emoji2:1.3.0] AndroidManifest.xml:30:17-75
117                android:value="androidx.startup" />
117-->[androidx.emoji2:emoji2:1.3.0] AndroidManifest.xml:31:17-49
118            <meta-data
118-->[androidx.lifecycle:lifecycle-process:2.7.0] AndroidManifest.xml:29:13-31:52
119                android:name="androidx.lifecycle.ProcessLifecycleInitializer"
119-->[androidx.lifecycle:lifecycle-process:2.7.0] AndroidManifest.xml:30:17-78
120                android:value="androidx.startup" />
120-->[androidx.lifecycle:lifecycle-process:2.7.0] AndroidManifest.xml:31:17-49
121            <meta-data
121-->[androidx.profileinstaller:profileinstaller:1.3.0] AndroidManifest.xml:29:13-31:52
122                android:name="androidx.profileinstaller.ProfileInstallerInitializer"
122-->[androidx.profileinstaller:profileinstaller:1.3.0] AndroidManifest.xml:30:17-85
123                android:value="androidx.startup" />
123-->[androidx.profileinstaller:profileinstaller:1.3.0] AndroidManifest.xml:31:17-49
124        </provider>
125
126        <service
126-->[androidx.work:work-runtime:2.9.0] AndroidManifest.xml:39:9-45:35
127            android:name="androidx.work.impl.background.systemalarm.SystemAlarmService"
127-->[androidx.work:work-runtime:2.9.0] AndroidManifest.xml:40:13-88
128            android:directBootAware="false"
128-->[androidx.work:work-runtime:2.9.0] AndroidManifest.xml:41:13-44
129            android:enabled="@bool/enable_system_alarm_service_default"
129-->[androidx.work:work-runtime:2.9.0] AndroidManifest.xml:42:13-72
130            android:exported="false" />
130-->[androidx.work:work-runtime:2.9.0] AndroidManifest.xml:43:13-37
131        <service
131-->[androidx.work:work-runtime:2.9.0] AndroidManifest.xml:46:9-52:35
132            android:name="androidx.work.impl.background.systemjob.SystemJobService"
132-->[androidx.work:work-runtime:2.9.0] AndroidManifest.xml:47:13-84
133            android:directBootAware="false"
133-->[androidx.work:work-runtime:2.9.0] AndroidManifest.xml:48:13-44
134            android:enabled="@bool/enable_system_job_service_default"
134-->[androidx.work:work-runtime:2.9.0] AndroidManifest.xml:49:13-70
135            android:exported="true"
135-->[androidx.work:work-runtime:2.9.0] AndroidManifest.xml:50:13-36
136            android:permission="android.permission.BIND_JOB_SERVICE" />
136-->[androidx.work:work-runtime:2.9.0] AndroidManifest.xml:51:13-69
137        <service
137-->[androidx.work:work-runtime:2.9.0] AndroidManifest.xml:53:9-59:35
138            android:name="androidx.work.impl.foreground.SystemForegroundService"
138-->[androidx.work:work-runtime:2.9.0] AndroidManifest.xml:54:13-81
139            android:directBootAware="false"
139-->[androidx.work:work-runtime:2.9.0] AndroidManifest.xml:55:13-44
140            android:enabled="@bool/enable_system_foreground_service_default"
140-->[androidx.work:work-runtime:2.9.0] AndroidManifest.xml:56:13-77
141            android:exported="false" />
141-->[androidx.work:work-runtime:2.9.0] AndroidManifest.xml:57:13-37
142
143        <receiver
143-->[androidx.work:work-runtime:2.9.0] AndroidManifest.xml:61:9-66:35
144            android:name="androidx.work.impl.utils.ForceStopRunnable$BroadcastReceiver"
144-->[androidx.work:work-runtime:2.9.0] AndroidManifest.xml:62:13-88
145            android:directBootAware="false"
145-->[androidx.work:work-runtime:2.9.0] AndroidManifest.xml:63:13-44
146            android:enabled="true"
146-->[androidx.work:work-runtime:2.9.0] AndroidManifest.xml:64:13-35
147            android:exported="false" />
147-->[androidx.work:work-runtime:2.9.0] AndroidManifest.xml:65:13-37
148        <receiver
148-->[androidx.work:work-runtime:2.9.0] AndroidManifest.xml:67:9-77:20
149            android:name="androidx.work.impl.background.systemalarm.ConstraintProxy$BatteryChargingProxy"
149-->[androidx.work:work-runtime:2.9.0] AndroidManifest.xml:68:13-106
150            android:directBootAware="false"
150-->[androidx.work:work-runtime:2.9.0] AndroidManifest.xml:69:13-44
151            android:enabled="false"
151-->[androidx.work:work-runtime:2.9.0] AndroidManifest.xml:70:13-36
152            android:exported="false" >
152-->[androidx.work:work-runtime:2.9.0] AndroidManifest.xml:71:13-37
153            <intent-filter>
153-->[androidx.work:work-runtime:2.9.0] AndroidManifest.xml:73:13-76:29
154                <action android:name="android.intent.action.ACTION_POWER_CONNECTED" />
154-->[androidx.work:work-runtime:2.9.0] AndroidManifest.xml:74:17-87
154-->[androidx.work:work-runtime:2.9.0] AndroidManifest.xml:74:25-84
155                <action android:name="android.intent.action.ACTION_POWER_DISCONNECTED" />
155-->[androidx.work:work-runtime:2.9.0] AndroidManifest.xml:75:17-90
155-->[androidx.work:work-runtime:2.9.0] AndroidManifest.xml:75:25-87
156            </intent-filter>
157        </receiver>
158        <receiver
158-->[androidx.work:work-runtime:2.9.0] AndroidManifest.xml:78:9-88:20
159            android:name="androidx.work.impl.background.systemalarm.ConstraintProxy$BatteryNotLowProxy"
159-->[androidx.work:work-runtime:2.9.0] AndroidManifest.xml:79:13-104
160            android:directBootAware="false"
160-->[androidx.work:work-runtime:2.9.0] AndroidManifest.xml:80:13-44
161            android:enabled="false"
161-->[androidx.work:work-runtime:2.9.0] AndroidManifest.xml:81:13-36
162            android:exported="false" >
162-->[androidx.work:work-runtime:2.9.0] AndroidManifest.xml:82:13-37
163            <intent-filter>
163-->[androidx.work:work-runtime:2.9.0] AndroidManifest.xml:84:13-87:29
164                <action android:name="android.intent.action.BATTERY_OKAY" />
164-->[androidx.work:work-runtime:2.9.0] AndroidManifest.xml:85:17-77
164-->[androidx.work:work-runtime:2.9.0] AndroidManifest.xml:85:25-74
165                <action android:name="android.intent.action.BATTERY_LOW" />
165-->[androidx.work:work-runtime:2.9.0] AndroidManifest.xml:86:17-76
165-->[androidx.work:work-runtime:2.9.0] AndroidManifest.xml:86:25-73
166            </intent-filter>
167        </receiver>
168        <receiver
168-->[androidx.work:work-runtime:2.9.0] AndroidManifest.xml:89:9-99:20
169            android:name="androidx.work.impl.background.systemalarm.ConstraintProxy$StorageNotLowProxy"
169-->[androidx.work:work-runtime:2.9.0] AndroidManifest.xml:90:13-104
170            android:directBootAware="false"
170-->[androidx.work:work-runtime:2.9.0] AndroidManifest.xml:91:13-44
171            android:enabled="false"
171-->[androidx.work:work-runtime:2.9.0] AndroidManifest.xml:92:13-36
172            android:exported="false" >
172-->[androidx.work:work-runtime:2.9.0] AndroidManifest.xml:93:13-37
173            <intent-filter>
173-->[androidx.work:work-runtime:2.9.0] AndroidManifest.xml:95:13-98:29
174                <action android:name="android.intent.action.DEVICE_STORAGE_LOW" />
174-->[androidx.work:work-runtime:2.9.0] AndroidManifest.xml:96:17-83
174-->[androidx.work:work-runtime:2.9.0] AndroidManifest.xml:96:25-80
175                <action android:name="android.intent.action.DEVICE_STORAGE_OK" />
175-->[androidx.work:work-runtime:2.9.0] AndroidManifest.xml:97:17-82
175-->[androidx.work:work-runtime:2.9.0] AndroidManifest.xml:97:25-79
176            </intent-filter>
177        </receiver>
178        <receiver
178-->[androidx.work:work-runtime:2.9.0] AndroidManifest.xml:100:9-109:20
179            android:name="androidx.work.impl.background.systemalarm.ConstraintProxy$NetworkStateProxy"
179-->[androidx.work:work-runtime:2.9.0] AndroidManifest.xml:101:13-103
180            android:directBootAware="false"
180-->[androidx.work:work-runtime:2.9.0] AndroidManifest.xml:102:13-44
181            android:enabled="false"
181-->[androidx.work:work-runtime:2.9.0] AndroidManifest.xml:103:13-36
182            android:exported="false" >
182-->[androidx.work:work-runtime:2.9.0] AndroidManifest.xml:104:13-37
183            <intent-filter>
183-->[androidx.work:work-runtime:2.9.0] AndroidManifest.xml:106:13-108:29
184                <action android:name="android.net.conn.CONNECTIVITY_CHANGE" />
184-->[androidx.work:work-runtime:2.9.0] AndroidManifest.xml:107:17-79
184-->[androidx.work:work-runtime:2.9.0] AndroidManifest.xml:107:25-76
185            </intent-filter>
186        </receiver>
187        <receiver
187-->[androidx.work:work-runtime:2.9.0] AndroidManifest.xml:110:9-121:20
188            android:name="androidx.work.impl.background.systemalarm.RescheduleReceiver"
188-->[androidx.work:work-runtime:2.9.0] AndroidManifest.xml:111:13-88
189            android:directBootAware="false"
189-->[androidx.work:work-runtime:2.9.0] AndroidManifest.xml:112:13-44
190            android:enabled="false"
190-->[androidx.work:work-runtime:2.9.0] AndroidManifest.xml:113:13-36
191            android:exported="false" >
191-->[androidx.work:work-runtime:2.9.0] AndroidManifest.xml:114:13-37
192            <intent-filter>
192-->[androidx.work:work-runtime:2.9.0] AndroidManifest.xml:116:13-120:29
193                <action android:name="android.intent.action.BOOT_COMPLETED" />
193-->[androidx.work:work-runtime:2.9.0] AndroidManifest.xml:117:17-79
193-->[androidx.work:work-runtime:2.9.0] AndroidManifest.xml:117:25-76
194                <action android:name="android.intent.action.TIME_SET" />
194-->[androidx.work:work-runtime:2.9.0] AndroidManifest.xml:118:17-73
194-->[androidx.work:work-runtime:2.9.0] AndroidManifest.xml:118:25-70
195                <action android:name="android.intent.action.TIMEZONE_CHANGED" />
195-->[androidx.work:work-runtime:2.9.0] AndroidManifest.xml:119:17-81
195-->[androidx.work:work-runtime:2.9.0] AndroidManifest.xml:119:25-78
196            </intent-filter>
197        </receiver>
198        <receiver
198-->[androidx.work:work-runtime:2.9.0] AndroidManifest.xml:122:9-131:20
199            android:name="androidx.work.impl.background.systemalarm.ConstraintProxyUpdateReceiver"
199-->[androidx.work:work-runtime:2.9.0] AndroidManifest.xml:123:13-99
200            android:directBootAware="false"
200-->[androidx.work:work-runtime:2.9.0] AndroidManifest.xml:124:13-44
201            android:enabled="@bool/enable_system_alarm_service_default"
201-->[androidx.work:work-runtime:2.9.0] AndroidManifest.xml:125:13-72
202            android:exported="false" >
202-->[androidx.work:work-runtime:2.9.0] AndroidManifest.xml:126:13-37
203            <intent-filter>
203-->[androidx.work:work-runtime:2.9.0] AndroidManifest.xml:128:13-130:29
204                <action android:name="androidx.work.impl.background.systemalarm.UpdateProxies" />
204-->[androidx.work:work-runtime:2.9.0] AndroidManifest.xml:129:17-98
204-->[androidx.work:work-runtime:2.9.0] AndroidManifest.xml:129:25-95
205            </intent-filter>
206        </receiver>
207        <receiver
207-->[androidx.work:work-runtime:2.9.0] AndroidManifest.xml:132:9-142:20
208            android:name="androidx.work.impl.diagnostics.DiagnosticsReceiver"
208-->[androidx.work:work-runtime:2.9.0] AndroidManifest.xml:133:13-78
209            android:directBootAware="false"
209-->[androidx.work:work-runtime:2.9.0] AndroidManifest.xml:134:13-44
210            android:enabled="true"
210-->[androidx.work:work-runtime:2.9.0] AndroidManifest.xml:135:13-35
211            android:exported="true"
211-->[androidx.work:work-runtime:2.9.0] AndroidManifest.xml:136:13-36
212            android:permission="android.permission.DUMP" >
212-->[androidx.work:work-runtime:2.9.0] AndroidManifest.xml:137:13-57
213            <intent-filter>
213-->[androidx.work:work-runtime:2.9.0] AndroidManifest.xml:139:13-141:29
214                <action android:name="androidx.work.diagnostics.REQUEST_DIAGNOSTICS" />
214-->[androidx.work:work-runtime:2.9.0] AndroidManifest.xml:140:17-88
214-->[androidx.work:work-runtime:2.9.0] AndroidManifest.xml:140:25-85
215            </intent-filter>
216        </receiver>
217
218        <activity
218-->[com.google.android.gms:play-services-base:18.1.0] AndroidManifest.xml:20:9-22:45
219            android:name="com.google.android.gms.common.api.GoogleApiActivity"
219-->[com.google.android.gms:play-services-base:18.1.0] AndroidManifest.xml:20:19-85
220            android:exported="false"
220-->[com.google.android.gms:play-services-base:18.1.0] AndroidManifest.xml:22:19-43
221            android:theme="@android:style/Theme.Translucent.NoTitleBar" />
221-->[com.google.android.gms:play-services-base:18.1.0] AndroidManifest.xml:21:19-78
222        <activity
222-->[androidx.compose.ui:ui-tooling-android:1.7.0-alpha01] AndroidManifest.xml:23:9-25:39
223            android:name="androidx.compose.ui.tooling.PreviewActivity"
223-->[androidx.compose.ui:ui-tooling-android:1.7.0-alpha01] AndroidManifest.xml:24:13-71
224            android:exported="true" />
224-->[androidx.compose.ui:ui-tooling-android:1.7.0-alpha01] AndroidManifest.xml:25:13-36
225        <activity
225-->[androidx.compose.ui:ui-test-manifest:1.7.0-alpha01] AndroidManifest.xml:23:9-25:39
226            android:name="androidx.activity.ComponentActivity"
226-->[androidx.compose.ui:ui-test-manifest:1.7.0-alpha01] AndroidManifest.xml:24:13-63
227            android:exported="true" />
227-->[androidx.compose.ui:ui-test-manifest:1.7.0-alpha01] AndroidManifest.xml:25:13-36
228
229        <service
229-->[androidx.room:room-runtime:2.6.1] AndroidManifest.xml:24:9-28:63
230            android:name="androidx.room.MultiInstanceInvalidationService"
230-->[androidx.room:room-runtime:2.6.1] AndroidManifest.xml:25:13-74
231            android:directBootAware="true"
231-->[androidx.room:room-runtime:2.6.1] AndroidManifest.xml:26:13-43
232            android:exported="false" />
232-->[androidx.room:room-runtime:2.6.1] AndroidManifest.xml:27:13-37
233
234        <meta-data
234-->[com.google.android.gms:play-services-basement:18.1.0] AndroidManifest.xml:21:9-23:69
235            android:name="com.google.android.gms.version"
235-->[com.google.android.gms:play-services-basement:18.1.0] AndroidManifest.xml:22:13-58
236            android:value="@integer/google_play_services_version" />
236-->[com.google.android.gms:play-services-basement:18.1.0] AndroidManifest.xml:23:13-66
237
238        <receiver
238-->[androidx.profileinstaller:profileinstaller:1.3.0] AndroidManifest.xml:34:9-52:20
239            android:name="androidx.profileinstaller.ProfileInstallReceiver"
239-->[androidx.profileinstaller:profileinstaller:1.3.0] AndroidManifest.xml:35:13-76
240            android:directBootAware="false"
240-->[androidx.profileinstaller:profileinstaller:1.3.0] AndroidManifest.xml:36:13-44
241            android:enabled="true"
241-->[androidx.profileinstaller:profileinstaller:1.3.0] AndroidManifest.xml:37:13-35
242            android:exported="true"
242-->[androidx.profileinstaller:profileinstaller:1.3.0] AndroidManifest.xml:38:13-36
243            android:permission="android.permission.DUMP" >
243-->[androidx.profileinstaller:profileinstaller:1.3.0] AndroidManifest.xml:39:13-57
244            <intent-filter>
244-->[androidx.profileinstaller:profileinstaller:1.3.0] AndroidManifest.xml:40:13-42:29
245                <action android:name="androidx.profileinstaller.action.INSTALL_PROFILE" />
245-->[androidx.profileinstaller:profileinstaller:1.3.0] AndroidManifest.xml:41:17-91
245-->[androidx.profileinstaller:profileinstaller:1.3.0] AndroidManifest.xml:41:25-88
246            </intent-filter>
247            <intent-filter>
247-->[androidx.profileinstaller:profileinstaller:1.3.0] AndroidManifest.xml:43:13-45:29
248                <action android:name="androidx.profileinstaller.action.SKIP_FILE" />
248-->[androidx.profileinstaller:profileinstaller:1.3.0] AndroidManifest.xml:44:17-85
248-->[androidx.profileinstaller:profileinstaller:1.3.0] AndroidManifest.xml:44:25-82
249            </intent-filter>
250            <intent-filter>
250-->[androidx.profileinstaller:profileinstaller:1.3.0] AndroidManifest.xml:46:13-48:29
251                <action android:name="androidx.profileinstaller.action.SAVE_PROFILE" />
251-->[androidx.profileinstaller:profileinstaller:1.3.0] AndroidManifest.xml:47:17-88
251-->[androidx.profileinstaller:profileinstaller:1.3.0] AndroidManifest.xml:47:25-85
252            </intent-filter>
253            <intent-filter>
253-->[androidx.profileinstaller:profileinstaller:1.3.0] AndroidManifest.xml:49:13-51:29
254                <action android:name="androidx.profileinstaller.action.BENCHMARK_OPERATION" />
254-->[androidx.profileinstaller:profileinstaller:1.3.0] AndroidManifest.xml:50:17-95
254-->[androidx.profileinstaller:profileinstaller:1.3.0] AndroidManifest.xml:50:25-92
255            </intent-filter>
256        </receiver>
257    </application>
258
259</manifest>